<?xml version="1.0" encoding="UTF-8"?>
<coverage generated="1778818726641" clover="3.2.0">
  <project timestamp="1778818726641" name="All files">
    <metrics statements="98" coveredstatements="70" conditionals="25" coveredconditionals="15" methods="37" coveredmethods="25" elements="160" coveredelements="110" complexity="0" loc="98" ncloc="98" packages="4" files="5" classes="5"/>
    <package name="hooks">
      <metrics statements="27" coveredstatements="22" conditionals="7" coveredconditionals="3" methods="12" coveredmethods="10"/>
      <file name="useIsMobile.ts" path="C:\Users\andre\Downloads\PATRICI.A-FRONTEND\src\hooks\useIsMobile.ts">
        <metrics statements="6" coveredstatements="6" conditionals="1" coveredconditionals="1" methods="5" coveredmethods="4"/>
        <line num="3" count="4" type="stmt"/>
        <line num="4" count="4" type="stmt"/>
        <line num="5" count="4" type="stmt"/>
        <line num="6" count="4" type="stmt"/>
        <line num="7" count="4" type="stmt"/>
        <line num="9" count="4" type="stmt"/>
      </file>
      <file name="useLocalStorage.ts" path="C:\Users\andre\Downloads\PATRICI.A-FRONTEND\src\hooks\useLocalStorage.ts">
        <metrics statements="21" coveredstatements="16" conditionals="6" coveredconditionals="2" methods="7" coveredmethods="6"/>
        <line num="8" count="9" type="stmt"/>
        <line num="9" count="5" type="stmt"/>
        <line num="10" count="5" type="stmt"/>
        <line num="11" count="5" type="cond" truecount="2" falsecount="0"/>
        <line num="13" count="0" type="stmt"/>
        <line num="16" count="9" type="stmt"/>
        <line num="18" count="3" type="stmt"/>
        <line num="19" count="3" type="stmt"/>
        <line num="20" count="3" type="stmt"/>
        <line num="22" count="0" type="stmt"/>
        <line num="27" count="9" type="stmt"/>
        <line num="28" count="1" type="stmt"/>
        <line num="29" count="1" type="stmt"/>
        <line num="31" count="9" type="stmt"/>
        <line num="32" count="5" type="stmt"/>
        <line num="33" count="0" type="cond" truecount="0" falsecount="4"/>
        <line num="34" count="0" type="stmt"/>
        <line num="35" count="0" type="stmt"/>
        <line num="40" count="5" type="stmt"/>
        <line num="41" count="5" type="stmt"/>
        <line num="43" count="9" type="stmt"/>
      </file>
    </package>
    <package name="services">
      <metrics statements="12" coveredstatements="10" conditionals="0" coveredconditionals="0" methods="6" coveredmethods="4"/>
      <file name="auth.service.ts" path="C:\Users\andre\Downloads\PATRICI.A-FRONTEND\src\services\auth.service.ts">
        <metrics statements="12" coveredstatements="10" conditionals="0" coveredconditionals="0" methods="6" coveredmethods="4"/>
        <line num="20" count="1" type="stmt"/>
        <line num="22" count="1" type="stmt"/>
        <line num="23" count="1" type="stmt"/>
        <line num="24" count="1" type="stmt"/>
        <line num="27" count="1" type="stmt"/>
        <line num="28" count="1" type="stmt"/>
        <line num="29" count="1" type="stmt"/>
        <line num="32" count="1" type="stmt"/>
        <line num="35" count="0" type="stmt"/>
        <line num="38" count="0" type="stmt"/>
        <line num="41" count="1" type="stmt"/>
        <line num="42" count="1" type="stmt"/>
      </file>
    </package>
    <package name="store">
      <metrics statements="49" coveredstatements="29" conditionals="12" coveredconditionals="6" methods="12" coveredmethods="5"/>
      <file name="AppContext.tsx" path="C:\Users\andre\Downloads\PATRICI.A-FRONTEND\src\store\AppContext.tsx">
        <metrics statements="49" coveredstatements="29" conditionals="12" coveredconditionals="6" methods="12" coveredmethods="5"/>
        <line num="32" count="1" type="stmt"/>
        <line num="56" count="1" type="stmt"/>
        <line num="57" count="1" type="stmt"/>
        <line num="76" count="5" type="stmt"/>
        <line num="77" count="5" type="stmt"/>
        <line num="78" count="5" type="stmt"/>
        <line num="79" count="5" type="stmt"/>
        <line num="80" count="5" type="stmt"/>
        <line num="81" count="4" type="stmt"/>
        <line num="82" count="4" type="cond" truecount="1" falsecount="1"/>
        <line num="83" count="0" type="stmt"/>
        <line num="84" count="0" type="stmt"/>
        <line num="86" count="4" type="stmt"/>
        <line num="87" count="4" type="cond" truecount="1" falsecount="1"/>
        <line num="88" count="0" type="stmt"/>
        <line num="89" count="0" type="stmt"/>
        <line num="91" count="4" type="stmt"/>
        <line num="92" count="4" type="cond" truecount="1" falsecount="1"/>
        <line num="93" count="0" type="stmt"/>
        <line num="96" count="5" type="stmt"/>
        <line num="97" count="1" type="stmt"/>
        <line num="98" count="1" type="stmt"/>
        <line num="99" count="1" type="cond" truecount="1" falsecount="1"/>
        <line num="100" count="1" type="stmt"/>
        <line num="101" count="1" type="stmt"/>
        <line num="103" count="0" type="stmt"/>
        <line num="104" count="0" type="stmt"/>
        <line num="106" count="1" type="stmt"/>
        <line num="109" count="5" type="stmt"/>
        <line num="110" count="0" type="stmt"/>
        <line num="111" count="0" type="stmt"/>
        <line num="112" count="0" type="stmt"/>
        <line num="114" count="5" type="stmt"/>
        <line num="115" count="0" type="stmt"/>
        <line num="116" count="0" type="stmt"/>
        <line num="117" count="0" type="stmt"/>
        <line num="119" count="5" type="stmt"/>
        <line num="120" count="0" type="stmt"/>
        <line num="122" count="5" type="stmt"/>
        <line num="123" count="0" type="stmt"/>
        <line num="124" count="0" type="stmt"/>
        <line num="125" count="0" type="stmt"/>
        <line num="126" count="0" type="cond" truecount="0" falsecount="2"/>
        <line num="127" count="0" type="stmt"/>
        <line num="129" count="0" type="stmt"/>
        <line num="132" count="5" type="stmt"/>
        <line num="146" count="7" type="stmt"/>
        <line num="147" count="7" type="cond" truecount="2" falsecount="0"/>
        <line num="148" count="4" type="stmt"/>
      </file>
    </package>
    <package name="utils">
      <metrics statements="10" coveredstatements="9" conditionals="6" coveredconditionals="6" methods="7" coveredmethods="6"/>
      <file name="index.ts" path="C:\Users\andre\Downloads\PATRICI.A-FRONTEND\src\utils\index.ts">
        <metrics statements="10" coveredstatements="9" conditionals="6" coveredconditionals="6" methods="7" coveredmethods="6"/>
        <line num="2" count="3" type="stmt"/>
        <line num="5" count="1" type="stmt"/>
        <line num="12" count="0" type="stmt"/>
        <line num="15" count="3" type="cond" truecount="2" falsecount="0"/>
        <line num="16" count="1" type="stmt"/>
        <line num="19" count="2" type="stmt"/>
        <line num="20" count="2" type="cond" truecount="4" falsecount="0"/>
        <line num="21" count="1" type="stmt"/>
        <line num="24" count="3" type="stmt"/>
        <line num="27" count="51" type="stmt"/>
      </file>
    </package>
  </project>
</coverage>
